<?xml version="1.0" encoding="UTF-8"?>
<!-- Generated by org.testng.reporters.JUnitXMLReporter -->
<testsuite ignored="0" hostname="DESKTOP-JNF48D3" failures="0" tests="3" name="Test" time="58.422" errors="0" timestamp="2025-07-13T11:40:45 IST">
  <testcase classname="demotables.TC2" name="howManyRowsInTable" time="18.348"/>
  <testcase classname="demotables.TC1" name="totalWebPage" time="26.033"/>
  <testcase classname="demotables.TC10" name="getNoOfEmployeeinEachDept" time="13.728"/>
</testsuite> <!-- Test -->
